<?xml version="1.0" encoding="UTF-8"?>
<!-- Generated by org.testng.reporters.JUnitReportReporter -->
<testsuite hostname="Saptarshi" failures="0" tests="1" name="SeleniumAutomation.Tests.ErrorValidation" time="10.302" errors="0" timestamp="2024-08-01T19:29:54 IST" skipped="0">
  <testcase classname="SeleniumAutomation.Tests.ErrorValidation" name="SubmitOrder" time="10.302"/>
  <system-out/>
</testsuite> <!-- SeleniumAutomation.Tests.ErrorValidation -->
