<?xml version="1.0" encoding="UTF-8"?>
<!-- Generated by org.testng.reporters.JUnitReportReporter -->
<testsuite hostname="Saptarshi" failures="0" tests="3" name="SeleniumAutomation.Tests.SubmitOrderTest" time="55.539" errors="0" timestamp="2024-08-02T16:52:43 IST" skipped="0">
  <testcase classname="SeleniumAutomation.Tests.SubmitOrderTest" name="SubmitOrder" time="20.671"/>
  <system-out/>
  <testcase classname="SeleniumAutomation.Tests.SubmitOrderTest" name="SubmitOrder" time="22.771"/>
  <system-out/>
  <testcase classname="SeleniumAutomation.Tests.SubmitOrderTest" name="OrderHistoryTest" time="12.097"/>
  <system-out/>
</testsuite> <!-- SeleniumAutomation.Tests.SubmitOrderTest -->
