<?xml version="1.0" encoding="UTF-8"?>
<!-- Generated by org.testng.reporters.JUnitReportReporter -->
<testsuite hostname="Saptarshi" failures="0" tests="3" name="cucumber.TestNGTestRunner" time="39.685" errors="0" timestamp="2024-08-04T00:15:59 IST" skipped="0">
  <testcase classname="cucumber.TestNGTestRunner" name="runScenario" time="13.913"/>
  <system-out/>
  <testcase classname="cucumber.TestNGTestRunner" name="runScenario" time="11.719"/>
  <system-out/>
  <testcase classname="cucumber.TestNGTestRunner" name="runScenario" time="14.053"/>
  <system-out/>
</testsuite> <!-- cucumber.TestNGTestRunner -->
