<?xml version="1.0" encoding="UTF-8"?>
<!-- Generated by org.testng.reporters.JUnitReportReporter -->
<testsuite hostname="Saptarshi" failures="0" tests="3" name="SeleniumAutomation.Tests.SubmitOrderTest" time="45.692" errors="0" timestamp="2024-08-03T14:00:57 IST" skipped="0">
  <testcase classname="SeleniumAutomation.Tests.SubmitOrderTest" name="SubmitOrder" time="15.192"/>
  <testcase classname="SeleniumAutomation.Tests.SubmitOrderTest" name="OrderHistoryTest" time="16.672"/>
  <testcase classname="SeleniumAutomation.Tests.SubmitOrderTest" name="SubmitOrder" time="13.828"/>
</testsuite> <!-- SeleniumAutomation.Tests.SubmitOrderTest -->
