<?xml version="1.0" encoding="UTF-8"?>
<!-- Generated by org.testng.reporters.JUnitReportReporter -->
<testsuite hostname="Saptarshi" failures="0" tests="2" name="cucumber.TestNGTestRunner" time="36.161" errors="0" timestamp="2024-08-04T00:26:01 IST" skipped="0">
  <testcase classname="cucumber.TestNGTestRunner" name="runScenario" time="15.821"/>
  <testcase classname="cucumber.TestNGTestRunner" name="runScenario" time="20.340"/>
</testsuite> <!-- cucumber.TestNGTestRunner -->
