<?xml version="1.0" encoding="UTF-8"?>
<!-- Generated by org.testng.reporters.JUnitReportReporter -->
<testsuite hostname="Saptarshi" failures="0" tests="2" name="SeleniumAutomation.Tests.ErrorValidationTest" time="30.927" errors="0" timestamp="2024-08-03T14:00:57 IST" skipped="0">
  <testcase classname="SeleniumAutomation.Tests.ErrorValidationTest" name="LoginErrorValidation" time="14.336"/>
  <testcase classname="SeleniumAutomation.Tests.ErrorValidationTest" name="ProductErrorValidation" time="16.591"/>
</testsuite> <!-- SeleniumAutomation.Tests.ErrorValidationTest -->
